[debug] [2022-01-28T08:25:05.044Z] ----------------------------------------------------------------------
[debug] [2022-01-28T08:25:05.047Z] Command:       C:\Program Files\nodejs\node.exe C:\Users\Ahsan\AppData\Roaming\npm\node_modules\firebase-tools\lib\bin\firebase.js init
[debug] [2022-01-28T08:25:05.048Z] CLI Version:   10.1.2
[debug] [2022-01-28T08:25:05.048Z] Platform:      win32
[debug] [2022-01-28T08:25:05.049Z] Node Version:  v16.13.1
[debug] [2022-01-28T08:25:05.050Z] Time:          Fri Jan 28 2022 14:25:05 GMT+0600 (Bangladesh Standard Time)
[debug] [2022-01-28T08:25:05.050Z] ----------------------------------------------------------------------
[debug] 
[debug] [2022-01-28T08:25:05.062Z] > command requires scopes: ["email","openid","https://www.googleapis.com/auth/cloudplatformprojects.readonly","https://www.googleapis.com/auth/firebase","https://www.googleapis.com/auth/cloud-platform"]
[debug] [2022-01-28T08:25:05.063Z] > authorizing via signed-in user (snhabib777@gmail.com)
[info] 
     ######## #### ########  ######## ########     ###     ######  ########
     ##        ##  ##     ## ##       ##     ##  ##   ##  ##       ##
     ######    ##  ########  ######   ########  #########  ######  ######
     ##        ##  ##    ##  ##       ##     ## ##     ##       ## ##
     ##       #### ##     ## ######## ########  ##     ##  ######  ########

You're about to initialize a Firebase project in this directory:

  C:\jobTask\travelers-blog-client

Before we get started, keep in mind:

  * You are currently outside your home directory

